<?xml version="1.0" encoding="UTF-8"?>
<!-- Generated by org.testng.reporters.JUnitXMLReporter -->
<testsuite ignored="0" hostname="DESKTOP-L5PDJBK" failures="0" tests="2" name="Validating user authentication" time="11.703" errors="0" timestamp="2021-02-15T11:42:17 IST">
  <testcase classname="Academy.E2EFrameworkProject.HomePage" name="basePageNavigation" time="3.672"/>
  <testcase classname="Academy.E2EFrameworkProject.HomePage" name="basePageNavigation" time="1.906"/>
</testsuite> <!-- Validating user authentication -->
