<?xml version="1.0" encoding="UTF-8"?>
<!-- Generated by org.testng.reporters.JUnitXMLReporter -->
<testsuite ignored="0" hostname="DESKTOP-L5PDJBK" failures="0" tests="2" name="Validating user authentication" time="14.591" errors="0" timestamp="2021-02-15T13:23:59 IST">
  <testcase classname="Academy.E2EFrameworkProject.HomePage" name="basePageNavigation" time="5.096"/>
  <testcase classname="Academy.E2EFrameworkProject.HomePage" name="basePageNavigation" time="2.536"/>
</testsuite> <!-- Validating user authentication -->
