<?xml version="1.0" encoding="UTF-8"?>
<testsuite xmlns:xsi="http://www.w3.org/2001/XMLSchema-instance" xsi:noNamespaceSchemaLocation="https://maven.apache.org/surefire/maven-surefire-plugin/xsd/surefire-test-report-3.0.xsd" version="3.0" name="TestSuite" time="15.832" tests="4" errors="0" skipped="0" failures="0">
  <properties>
[...]
</properties>
  <testcase name="getText" classname="Academy.E2EFrameworkProject.LinksValidation" time="0.082">
    <system-err><![CDATA[ERROR StatusLogger No log4j2 configuration file found. Using default configuration: logging only errors to the console. Set system property 'org.apache.logging.log4j.simplelog.StatusLogger.level' to TRACE to show Log4j2 internal initialization logging.
Starting ChromeDriver 87.0.4280.88 (89e2380a3e36c3464b5dd1302349b138254S9t2a9r0tdi-nrge Cfhrso/mberDarnivcehr -8h7.e0a.4d2s/428S80t0a@r.{t8#in18g7  6C(1h8r}9o)em e2oDn3r8 ip0voaer3rte  38276.9c023.844216804.b8
58Od dn(18l39y0e 22l33o840c9aab3l1e 33c68co34n26n54e4bc92t5i9do0dnd13s-0 r2ae3rf4se9b/ 1ab3lr8la25on4wc92eh9d-0h.de-r
aedPflss/e/ba4s2ra8en0 c@sh{e-eh# e1ah7dt6st/1p4}s2):8 /0@o/{cn#h 17pr6oo1mr}et) d ro2ni 0vp2oe7rrt5. c4
3h1Or3on
mlOyinu lmly. oolrogcc/aaslel cc oucnrnoeincttniyoe-nscc taornise iodanersa taliroeln s aoflolwro ewseuddg.g.es
Pt
ilPoeanlssee  aosnse eek  ehsteteppeisn: g/h /cCthhtrpromosm:eed/Drr/iivcverehr.r csohamrfeoed.mriivu
emr..ocChrhrgor/msoiemucemu.Dorrriigtv/seye-rcuc rowinatsysi- dcsoetnrasaritdtieeordna stsi uofncoscre  sfsosurfg usglugelgsyet.sit
oinosn so no nk ekeepeipnign gC hCrhormoemDerDrivievre sraf e.s
afe.
ChromeDriver was started successfully.
ChromeDriver was started successfully.
[1613375626.817][WARNING]: This version of ChromeDriver has not been tested with Chrome version 88.
[1613375626.845][WARNING]: This version of ChromeDriver has not been tested with Chrome version 88.
[1613375626.894][WARNING]: This version of ChromeDriver has not been tested with Chrome version 88.
Feb 15, 2021 1:23:48 PM org.openqa.selenium.remote.ProtocolHandshake createSession
INFO: Detected dialect: W3C
Feb 15, 2021 1:23:48 PM org.openqa.selenium.remote.ProtocolHandshake createSession
INFO: Detected dialect: W3C
Feb 15, 2021 1:23:48 PM org.openqa.selenium.remote.ProtocolHandshake createSession
INFO: Detected dialect: W3C
]]></system-err>
  </testcase>
  <testcase name="getText" classname="Academy.E2EFrameworkProject.TextValidation" time="0.095"/>
  <testcase name="basePageNavigation[Unauthorizeduser, 123456](1)" classname="Academy.E2EFrameworkProject.HomePage" time="1.396"/>
  <testcase name="basePageNavigation[Authorizeduser, 654321](2)" classname="Academy.E2EFrameworkProject.HomePage" time="2.537"/>
</testsuite>